{"name": "test_create_booking_tc2", "status": "failed", "statusDetails": {"message": "AssertionError: assert True == False", "trace": "def test_create_booking_tc2():\n>       assert True==False\nE       assert True == False\n\ntest_scripts\\integration_test\\test_create_booking.py:15: AssertionError"}, "start": 1690090301545, "stop": 1690090301545, "uuid": "44b34231-19ef-4bf2-9b9f-9686913107be", "historyId": "db68abcda6465db177720c59d10d8c65", "testCaseId": "db68abcda6465db177720c59d10d8c65", "fullName": "test_scripts.integration_test.test_create_booking#test_create_booking_tc2", "labels": [{"name": "parentSuite", "value": "test_scripts.integration_test"}, {"name": "suite", "value": "test_create_booking"}, {"name": "host", "value": "LAPTOP-0I5KNTMS"}, {"name": "thread", "value": "3508-MainThread"}, {"name": "framework", "value": "pytest"}, {"name": "language", "value": "cpython3"}, {"name": "package", "value": "test_scripts.integration_test.test_create_booking"}]}